<?xml version="1.0" encoding="UTF-8"?>
<robot generator="Robot 6.0.1 (Python 3.10.6 on win32)" generated="20221129 21:22:47.800" rpa="false" schemaversion="3">
<suite id="s1" name="Test Login Rf" source="C:\Users\Asus\Documents\GitHub\_robotframework\test_login_rf.robot">
<test id="s1-t1" name="Login to the system" line="20">
<kw name="Open login page">
<kw name="Open Browser" library="SeleniumLibrary">
<arg>${LOGIN URL}</arg>
<arg>${BROWSER}</arg>
<doc>Opens a new browser instance to the optional ``url``.</doc>
<msg timestamp="20221129 21:22:48.800" level="INFO">Opening browser 'Chrome' to base url 'https://scouts-test.futbolkolektyw.pl/en'.</msg>
<status status="PASS" starttime="20221129 21:22:48.784" endtime="20221129 21:22:57.204"/>
</kw>
<kw name="Title Should Be" library="SeleniumLibrary">
<arg>Scouts panel - sign in</arg>
<doc>Verifies that the current page title equals ``title``.</doc>
<msg timestamp="20221129 21:22:57.238" level="INFO">Page title is 'Scouts panel - sign in'.</msg>
<status status="PASS" starttime="20221129 21:22:57.204" endtime="20221129 21:22:57.240"/>
</kw>
<status status="PASS" starttime="20221129 21:22:48.784" endtime="20221129 21:22:57.240"/>
</kw>
<kw name="Type in email">
<kw name="Input Text" library="SeleniumLibrary">
<arg>${EMAILINPUT}</arg>
<arg>user07@getnada.com</arg>
<doc>Types the given ``text`` into the text field identified by ``locator``.</doc>
<msg timestamp="20221129 21:22:57.248" level="INFO">Typing text 'user07@getnada.com' into text field 'xpath=//*[@id='login']'.</msg>
<status status="PASS" starttime="20221129 21:22:57.240" endtime="20221129 21:22:57.807"/>
</kw>
<status status="PASS" starttime="20221129 21:22:57.240" endtime="20221129 21:22:57.807"/>
</kw>
<kw name="Type in password">
<kw name="Input Text" library="SeleniumLibrary">
<arg>${PASSWORDINPUT}</arg>
<arg>Test-1234</arg>
<doc>Types the given ``text`` into the text field identified by ``locator``.</doc>
<msg timestamp="20221129 21:22:57.807" level="INFO">Typing text 'Test-1234' into text field 'xpath=//input[@type='password']'.</msg>
<status status="PASS" starttime="20221129 21:22:57.807" endtime="20221129 21:22:58.158"/>
</kw>
<status status="PASS" starttime="20221129 21:22:57.807" endtime="20221129 21:22:58.158"/>
</kw>
<kw name="Click on the submit button">
<kw name="Click Element" library="SeleniumLibrary">
<arg>xpath=//*/button/span[1]</arg>
<doc>Click the element identified by ``locator``.</doc>
<msg timestamp="20221129 21:22:58.166" level="INFO">Clicking element 'xpath=//*/button/span[1]'.</msg>
<status status="PASS" starttime="20221129 21:22:58.166" endtime="20221129 21:22:58.320"/>
</kw>
<status status="PASS" starttime="20221129 21:22:58.166" endtime="20221129 21:22:58.320"/>
</kw>
<kw name="Assert dashboard">
<kw name="Wait Until Element Is Visible" library="SeleniumLibrary">
<arg>${PAGELOGO}</arg>
<doc>Waits until the element ``locator`` is visible.</doc>
<status status="PASS" starttime="20221129 21:22:58.320" endtime="20221129 21:22:59.781"/>
</kw>
<kw name="Title Should Be" library="SeleniumLibrary">
<arg>Scouts panel</arg>
<doc>Verifies that the current page title equals ``title``.</doc>
<msg timestamp="20221129 21:22:59.797" level="INFO">Page title is 'Scouts panel'.</msg>
<status status="PASS" starttime="20221129 21:22:59.781" endtime="20221129 21:22:59.797"/>
</kw>
<kw name="Capture Page Screenshot" library="SeleniumLibrary">
<arg>screenshot_${TEST NAME}.png</arg>
<doc>Takes a screenshot of the current page and embeds it into a log file.</doc>
<msg timestamp="20221129 21:23:00.034" level="INFO" html="true">&lt;/td&gt;&lt;/tr&gt;&lt;tr&gt;&lt;td colspan="3"&gt;&lt;a href="screenshot_Login%20to%20the%20system.png"&gt;&lt;img src="screenshot_Login%20to%20the%20system.png" width="800px"&gt;&lt;/a&gt;</msg>
<status status="PASS" starttime="20221129 21:22:59.797" endtime="20221129 21:23:00.034"/>
</kw>
<status status="PASS" starttime="20221129 21:22:58.320" endtime="20221129 21:23:00.034"/>
</kw>
<kw name="Close Browser" library="SeleniumLibrary" type="TEARDOWN">
<doc>Closes the current browser.</doc>
<status status="PASS" starttime="20221129 21:23:00.034" endtime="20221129 21:23:02.432"/>
</kw>
<status status="PASS" starttime="20221129 21:22:48.784" endtime="20221129 21:23:02.432"/>
</test>
<test id="s1-t2" name="Login to the system with empty fields" line="28">
<kw name="Open login page">
<kw name="Open Browser" library="SeleniumLibrary">
<arg>${LOGIN URL}</arg>
<arg>${BROWSER}</arg>
<doc>Opens a new browser instance to the optional ``url``.</doc>
<msg timestamp="20221129 21:23:02.463" level="INFO">Opening browser 'Chrome' to base url 'https://scouts-test.futbolkolektyw.pl/en'.</msg>
<status status="PASS" starttime="20221129 21:23:02.448" endtime="20221129 21:23:08.858"/>
</kw>
<kw name="Title Should Be" library="SeleniumLibrary">
<arg>Scouts panel - sign in</arg>
<doc>Verifies that the current page title equals ``title``.</doc>
<msg timestamp="20221129 21:23:08.880" level="INFO">Page title is 'Scouts panel - sign in'.</msg>
<status status="PASS" starttime="20221129 21:23:08.858" endtime="20221129 21:23:08.880"/>
</kw>
<status status="PASS" starttime="20221129 21:23:02.448" endtime="20221129 21:23:08.880"/>
</kw>
<kw name="Click on the submit button">
<kw name="Click Element" library="SeleniumLibrary">
<arg>xpath=//*/button/span[1]</arg>
<doc>Click the element identified by ``locator``.</doc>
<msg timestamp="20221129 21:23:08.880" level="INFO">Clicking element 'xpath=//*/button/span[1]'.</msg>
<status status="PASS" starttime="20221129 21:23:08.880" endtime="20221129 21:23:09.052"/>
</kw>
<status status="PASS" starttime="20221129 21:23:08.880" endtime="20221129 21:23:09.052"/>
</kw>
<kw name="Assert message">
<kw name="Wait Until Element Is Visible" library="SeleniumLibrary">
<arg>${FAIlMESSAGE}</arg>
<doc>Waits until the element ``locator`` is visible.</doc>
<status status="PASS" starttime="20221129 21:23:09.052" endtime="20221129 21:23:09.346"/>
</kw>
<kw name="Element Text Should Be" library="SeleniumLibrary">
<arg>${FAIlMESSAGE}</arg>
<arg>Please provide your username or your e-mail.</arg>
<doc>Verifies that element ``locator`` contains exact the text ``expected``.</doc>
<msg timestamp="20221129 21:23:09.346" level="INFO">Verifying element 'xpath=//div[3]/span' contains exact text 'Please provide your username or your e-mail.'.</msg>
<status status="PASS" starttime="20221129 21:23:09.346" endtime="20221129 21:23:09.408"/>
</kw>
<kw name="Capture Page Screenshot" library="SeleniumLibrary">
<arg>screenshot_${TEST NAME}.png</arg>
<doc>Takes a screenshot of the current page and embeds it into a log file.</doc>
<msg timestamp="20221129 21:23:09.864" level="INFO" html="true">&lt;/td&gt;&lt;/tr&gt;&lt;tr&gt;&lt;td colspan="3"&gt;&lt;a href="screenshot_Login%20to%20the%20system%20with%20empty%20fields.png"&gt;&lt;img src="screenshot_Login%20to%20the%20system%20with%20empty%20fields.png" width="800px"&gt;&lt;/a&gt;</msg>
<status status="PASS" starttime="20221129 21:23:09.408" endtime="20221129 21:23:09.864"/>
</kw>
<status status="PASS" starttime="20221129 21:23:09.052" endtime="20221129 21:23:09.864"/>
</kw>
<kw name="Close Browser" library="SeleniumLibrary" type="TEARDOWN">
<doc>Closes the current browser.</doc>
<status status="PASS" starttime="20221129 21:23:09.864" endtime="20221129 21:23:12.218"/>
</kw>
<status status="PASS" starttime="20221129 21:23:02.448" endtime="20221129 21:23:12.218"/>
</test>
<test id="s1-t3" name="Login to the system with invalid password" line="34">
<kw name="Open login page">
<kw name="Open Browser" library="SeleniumLibrary">
<arg>${LOGIN URL}</arg>
<arg>${BROWSER}</arg>
<doc>Opens a new browser instance to the optional ``url``.</doc>
<msg timestamp="20221129 21:23:12.249" level="INFO">Opening browser 'Chrome' to base url 'https://scouts-test.futbolkolektyw.pl/en'.</msg>
<status status="PASS" starttime="20221129 21:23:12.234" endtime="20221129 21:23:17.559"/>
</kw>
<kw name="Title Should Be" library="SeleniumLibrary">
<arg>Scouts panel - sign in</arg>
<doc>Verifies that the current page title equals ``title``.</doc>
<msg timestamp="20221129 21:23:17.567" level="INFO">Page title is 'Scouts panel - sign in'.</msg>
<status status="PASS" starttime="20221129 21:23:17.559" endtime="20221129 21:23:17.567"/>
</kw>
<status status="PASS" starttime="20221129 21:23:12.234" endtime="20221129 21:23:17.567"/>
</kw>
<kw name="Type in email">
<kw name="Input Text" library="SeleniumLibrary">
<arg>${EMAILINPUT}</arg>
<arg>user07@getnada.com</arg>
<doc>Types the given ``text`` into the text field identified by ``locator``.</doc>
<msg timestamp="20221129 21:23:17.575" level="INFO">Typing text 'user07@getnada.com' into text field 'xpath=//*[@id='login']'.</msg>
<status status="PASS" starttime="20221129 21:23:17.575" endtime="20221129 21:23:18.127"/>
</kw>
<status status="PASS" starttime="20221129 21:23:17.567" endtime="20221129 21:23:18.127"/>
</kw>
<kw name="Type in invalid password">
<kw name="Input Text" library="SeleniumLibrary">
<arg>${PASSWORDINPUT}</arg>
<arg>Rest</arg>
<doc>Types the given ``text`` into the text field identified by ``locator``.</doc>
<msg timestamp="20221129 21:23:18.135" level="INFO">Typing text 'Rest' into text field 'xpath=//input[@type='password']'.</msg>
<status status="PASS" starttime="20221129 21:23:18.127" endtime="20221129 21:23:18.420"/>
</kw>
<status status="PASS" starttime="20221129 21:23:18.127" endtime="20221129 21:23:18.420"/>
</kw>
<kw name="Click on the submit button">
<kw name="Click Element" library="SeleniumLibrary">
<arg>xpath=//*/button/span[1]</arg>
<doc>Click the element identified by ``locator``.</doc>
<msg timestamp="20221129 21:23:18.420" level="INFO">Clicking element 'xpath=//*/button/span[1]'.</msg>
<status status="PASS" starttime="20221129 21:23:18.420" endtime="20221129 21:23:18.582"/>
</kw>
<status status="PASS" starttime="20221129 21:23:18.420" endtime="20221129 21:23:18.582"/>
</kw>
<kw name="Assert invalid password message">
<kw name="Wait Until Element Is Visible" library="SeleniumLibrary">
<arg>${FAIlMESSAGE}</arg>
<doc>Waits until the element ``locator`` is visible.</doc>
<status status="PASS" starttime="20221129 21:23:18.590" endtime="20221129 21:23:19.123"/>
</kw>
<kw name="Element Text Should Be" library="SeleniumLibrary">
<arg>${FAIlMESSAGE}</arg>
<arg>Identifier or password invalid.</arg>
<doc>Verifies that element ``locator`` contains exact the text ``expected``.</doc>
<msg timestamp="20221129 21:23:19.139" level="INFO">Verifying element 'xpath=//div[3]/span' contains exact text 'Identifier or password invalid.'.</msg>
<status status="PASS" starttime="20221129 21:23:19.123" endtime="20221129 21:23:19.201"/>
</kw>
<kw name="Capture Page Screenshot" library="SeleniumLibrary">
<arg>screenshot_${TEST NAME}.png</arg>
<doc>Takes a screenshot of the current page and embeds it into a log file.</doc>
<msg timestamp="20221129 21:23:19.467" level="INFO" html="true">&lt;/td&gt;&lt;/tr&gt;&lt;tr&gt;&lt;td colspan="3"&gt;&lt;a href="screenshot_Login%20to%20the%20system%20with%20invalid%20password.png"&gt;&lt;img src="screenshot_Login%20to%20the%20system%20with%20invalid%20password.png" width="800px"&gt;&lt;/a&gt;</msg>
<status status="PASS" starttime="20221129 21:23:19.201" endtime="20221129 21:23:19.467"/>
</kw>
<status status="PASS" starttime="20221129 21:23:18.582" endtime="20221129 21:23:19.467"/>
</kw>
<kw name="Close Browser" library="SeleniumLibrary" type="TEARDOWN">
<doc>Closes the current browser.</doc>
<status status="PASS" starttime="20221129 21:23:19.483" endtime="20221129 21:23:21.828"/>
</kw>
<status status="PASS" starttime="20221129 21:23:12.234" endtime="20221129 21:23:21.828"/>
</test>
<test id="s1-t4" name="Change language" line="42">
<kw name="Open login page">
<kw name="Open Browser" library="SeleniumLibrary">
<arg>${LOGIN URL}</arg>
<arg>${BROWSER}</arg>
<doc>Opens a new browser instance to the optional ``url``.</doc>
<msg timestamp="20221129 21:23:21.859" level="INFO">Opening browser 'Chrome' to base url 'https://scouts-test.futbolkolektyw.pl/en'.</msg>
<status status="PASS" starttime="20221129 21:23:21.843" endtime="20221129 21:23:27.492"/>
</kw>
<kw name="Title Should Be" library="SeleniumLibrary">
<arg>Scouts panel - sign in</arg>
<doc>Verifies that the current page title equals ``title``.</doc>
<msg timestamp="20221129 21:23:27.508" level="INFO">Page title is 'Scouts panel - sign in'.</msg>
<status status="PASS" starttime="20221129 21:23:27.492" endtime="20221129 21:23:27.508"/>
</kw>
<status status="PASS" starttime="20221129 21:23:21.843" endtime="20221129 21:23:27.508"/>
</kw>
<kw name="Click on the language dropdown">
<kw name="Click Element" library="SeleniumLibrary">
<arg>${LANGUAGEDROPDOWN}</arg>
<doc>Click the element identified by ``locator``.</doc>
<msg timestamp="20221129 21:23:27.517" level="INFO">Clicking element 'xpath=//*[@aria-haspopup]'.</msg>
<status status="PASS" starttime="20221129 21:23:27.508" endtime="20221129 21:23:27.681"/>
</kw>
<status status="PASS" starttime="20221129 21:23:27.508" endtime="20221129 21:23:27.681"/>
</kw>
<for flavor="IN">
<var>${LANGUAGEDROPDOWN}</var>
<value>@{languages}</value>
<iter>
<var name="${LANGUAGEDROPDOWN}">Polish</var>
<kw name="Exit For Loop If" library="BuiltIn">
<arg>"${LANGUAGEDROPDOWN}" == "${POLISH}"</arg>
<doc>Stops executing the enclosing FOR loop if the ``condition`` is true.</doc>
<status status="PASS" starttime="20221129 21:23:27.681" endtime="20221129 21:23:27.681"/>
</kw>
<status status="PASS" starttime="20221129 21:23:27.681" endtime="20221129 21:23:27.681"/>
</iter>
<iter>
<var name="${LANGUAGEDROPDOWN}">English</var>
<kw name="Exit For Loop If" library="BuiltIn">
<arg>"${LANGUAGEDROPDOWN}" == "${POLISH}"</arg>
<doc>Stops executing the enclosing FOR loop if the ``condition`` is true.</doc>
<status status="PASS" starttime="20221129 21:23:27.681" endtime="20221129 21:23:27.689"/>
</kw>
<status status="PASS" starttime="20221129 21:23:27.681" endtime="20221129 21:23:27.689"/>
</iter>
<status status="PASS" starttime="20221129 21:23:27.681" endtime="20221129 21:23:27.689"/>
</for>
<kw name="Select &quot;Polski&quot;">
<kw name="Click Element" library="SeleniumLibrary">
<arg>${POLISH}</arg>
<doc>Click the element identified by ``locator``.</doc>
<msg timestamp="20221129 21:23:27.689" level="INFO">Clicking element 'xpath=//*[@data-value='pl']'.</msg>
<status status="PASS" starttime="20221129 21:23:27.689" endtime="20221129 21:23:27.952"/>
</kw>
<status status="PASS" starttime="20221129 21:23:27.689" endtime="20221129 21:23:27.952"/>
</kw>
<kw name="Assert title in polish">
<kw name="Wait Until Element Is Visible" library="SeleniumLibrary">
<arg>${LANGUAGEDROPDOWN}</arg>
<doc>Waits until the element ``locator`` is visible.</doc>
<status status="PASS" starttime="20221129 21:23:27.960" endtime="20221129 21:23:28.040"/>
</kw>
<kw name="Title Should Be" library="SeleniumLibrary">
<arg>Scouts panel - zaloguj</arg>
<doc>Verifies that the current page title equals ``title``.</doc>
<msg timestamp="20221129 21:23:28.056" level="INFO">Page title is 'Scouts panel - zaloguj'.</msg>
<status status="PASS" starttime="20221129 21:23:28.048" endtime="20221129 21:23:28.056"/>
</kw>
<kw name="Capture Page Screenshot" library="SeleniumLibrary">
<arg>screenshot_${TEST NAME}.png</arg>
<doc>Takes a screenshot of the current page and embeds it into a log file.</doc>
<msg timestamp="20221129 21:23:28.312" level="INFO" html="true">&lt;/td&gt;&lt;/tr&gt;&lt;tr&gt;&lt;td colspan="3"&gt;&lt;a href="screenshot_Change%20language.png"&gt;&lt;img src="screenshot_Change%20language.png" width="800px"&gt;&lt;/a&gt;</msg>
<status status="PASS" starttime="20221129 21:23:28.056" endtime="20221129 21:23:28.312"/>
</kw>
<status status="PASS" starttime="20221129 21:23:27.960" endtime="20221129 21:23:28.312"/>
</kw>
<kw name="Close Browser" library="SeleniumLibrary" type="TEARDOWN">
<doc>Closes the current browser.</doc>
<status status="PASS" starttime="20221129 21:23:28.312" endtime="20221129 21:23:30.666"/>
</kw>
<status status="PASS" starttime="20221129 21:23:21.843" endtime="20221129 21:23:30.666"/>
</test>
<doc>Suite description #automated tests for scout website</doc>
<status status="PASS" starttime="20221129 21:22:47.815" endtime="20221129 21:23:30.682"/>
</suite>
<statistics>
<total>
<stat pass="4" fail="0" skip="0">All Tests</stat>
</total>
<tag>
</tag>
<suite>
<stat pass="4" fail="0" skip="0" id="s1" name="Test Login Rf">Test Login Rf</stat>
</suite>
</statistics>
<errors>
</errors>
</robot>
